[debug] [2023-08-27T05:30:17.252Z] ----------------------------------------------------------------------
[debug] [2023-08-27T05:30:17.255Z] Command:       /usr/local/bin/node /usr/local/bin/firebase init
[debug] [2023-08-27T05:30:17.256Z] CLI Version:   12.5.2
[debug] [2023-08-27T05:30:17.257Z] Platform:      darwin
[debug] [2023-08-27T05:30:17.257Z] Node Version:  v18.13.0
[debug] [2023-08-27T05:30:17.258Z] Time:          Sun Aug 27 2023 08:30:17 GMT+0300 (Arabian Standard Time)
[debug] [2023-08-27T05:30:17.258Z] ----------------------------------------------------------------------
[debug] 
[debug] [2023-08-27T05:30:17.263Z] >>> [apiv2][query] GET https://firebase-public.firebaseio.com/cli.json [none]
[debug] [2023-08-27T05:30:17.356Z] > command requires scopes: ["email","openid","https://www.googleapis.com/auth/cloudplatformprojects.readonly","https://www.googleapis.com/auth/firebase","https://www.googleapis.com/auth/cloud-platform"]
[debug] [2023-08-27T05:30:17.358Z] > authorizing via signed-in user (ammaryousef174@gmail.com)
[info] 
     ######## #### ########  ######## ########     ###     ######  ########
     ##        ##  ##     ## ##       ##     ##  ##   ##  ##       ##
     ######    ##  ########  ######   ########  #########  ######  ######
     ##        ##  ##    ##  ##       ##     ## ##     ##       ## ##
     ##       #### ##     ## ######## ########  ##     ##  ######  ########

You're about to initialize a Firebase project in this directory:

  /Users/hanaayousef/Downloads/all/Next/pinterest

[debug] [2023-08-27T05:30:18.164Z] <<< [apiv2][status] GET https://firebase-public.firebaseio.com/cli.json 200
[debug] [2023-08-27T05:30:18.164Z] <<< [apiv2][body] GET https://firebase-public.firebaseio.com/cli.json {"cloudBuildErrorAfter":1594252800000,"cloudBuildWarnAfter":1590019200000,"defaultNode10After":1594252800000,"minVersion":"3.0.5","node8DeploysDisabledAfter":1613390400000,"node8RuntimeDisabledAfter":1615809600000,"node8WarnAfter":1600128000000}
[info] 
=== Project Setup
[info] 
[info] First, let's associate this project directory with a Firebase project.
[info] You can create multiple project aliases by running firebase use --add, 
[info] but for now we'll just set up a default project.
[info] 
[debug] [2023-08-27T05:32:25.227Z] > refreshing access token with scopes: []
[debug] [2023-08-27T05:32:25.229Z] >>> [apiv2][query] POST https://www.googleapis.com/oauth2/v3/token [none]
[debug] [2023-08-27T05:32:25.229Z] >>> [apiv2][body] POST https://www.googleapis.com/oauth2/v3/token [omitted]
[debug] [2023-08-27T05:32:25.652Z] <<< [apiv2][status] POST https://www.googleapis.com/oauth2/v3/token 200
[debug] [2023-08-27T05:32:25.652Z] <<< [apiv2][body] POST https://www.googleapis.com/oauth2/v3/token [omitted]
[debug] [2023-08-27T05:32:25.698Z] >>> [apiv2][query] GET https://firebase.googleapis.com/v1beta1/projects pageSize=100
[debug] [2023-08-27T05:32:26.611Z] <<< [apiv2][status] GET https://firebase.googleapis.com/v1beta1/projects 200
[debug] [2023-08-27T05:32:26.612Z] <<< [apiv2][body] GET https://firebase.googleapis.com/v1beta1/projects [omitted]
[info] i  Using project multimart-ad78a (Multimart) 
[info] 
=== Hosting Setup
[info] 
[info] Your public directory is the folder (relative to your project directory) that
[info] will contain Hosting assets to be uploaded with firebase deploy. If you
[info] have a build process for your assets, use your build's output directory.
[info] 
[info] ✔  Wrote public/404.html 
[debug] [2023-08-27T06:02:22.863Z] >>> [apiv2][query] GET https://www.gstatic.com/firebasejs/releases.json [none]
[debug] [2023-08-27T06:02:23.148Z] <<< [apiv2][status] GET https://www.gstatic.com/firebasejs/releases.json 200
[debug] [2023-08-27T06:02:23.148Z] <<< [apiv2][body] GET https://www.gstatic.com/firebasejs/releases.json {"current":{"version":"10.3.0","browserURL":"https://www.gstatic.com/firebasejs/10.3.0/firebase.js","packageURL":"https://www.gstatic.com/firebasejs/10.3.0/firebase.tgz"},"live":{"version":"10.3","browserURL":"https://www.gstatic.com/firebasejs/live/10.3/firebase.js","packageURL":"https://www.gstatic.com/firebasejs/live/10.3/firebase.tgz"},"components":{"analytics":"https://www.gstatic.com/firebasejs/10.3.0/firebase-analytics.js","app":"https://www.gstatic.com/firebasejs/10.3.0/firebase-app.js","app-check":"https://www.gstatic.com/firebasejs/10.3.0/firebase-app-check.js","auth":"https://www.gstatic.com/firebasejs/10.3.0/firebase-auth.js","auth/cordova":"https://www.gstatic.com/firebasejs/10.3.0/firebase-auth/cordova.js","functions":"https://www.gstatic.com/firebasejs/10.3.0/firebase-functions.js","firestore":"https://www.gstatic.com/firebasejs/10.3.0/firebase-firestore.js","firestore/lite":"https://www.gstatic.com/firebasejs/10.3.0/firebase-firestore/lite.js","installations":"https://www.gstatic.com/firebasejs/10.3.0/firebase-installations.js","storage":"https://www.gstatic.com/firebasejs/10.3.0/firebase-storage.js","performance":"https://www.gstatic.com/firebasejs/10.3.0/firebase-performance.js","remote-config":"https://www.gstatic.com/firebasejs/10.3.0/firebase-remote-config.js","messaging":"https://www.gstatic.com/firebasejs/10.3.0/firebase-messaging.js","messaging/sw":"https://www.gstatic.com/firebasejs/10.3.0/firebase-messaging/sw.js","database":"https://www.gstatic.com/firebasejs/10.3.0/firebase-database.js","firestore.memory":"https://www.gstatic.com/firebasejs/10.3.0/firebase-firestore.memory.js"}}
[info] ✔  Wrote public/index.html 
[info] 
[info] i  Detected a .git folder at /Users/hanaayousef/Downloads/all/Next/pinterest 
[info] i  Authorizing with GitHub to upload your service account to a GitHub repository's secrets store. 
[info] 
[info] Visit this URL on this device to log in:
[info] https://github.com/login/oauth/authorize?client_id=89cf50f02ac6aaed3484&state=843494756&redirect_uri=http%3A%2F%2Flocalhost%3A9005&scope=read%3Auser%20repo%20public_repo
[info] 
[info] Waiting for authentication...
[debug] [2023-08-27T06:02:52.723Z] >>> [apiv2][query] POST https://github.com/login/oauth/access_token [none]
[debug] [2023-08-27T06:02:52.724Z] >>> [apiv2][body] POST https://github.com/login/oauth/access_token [stream]
[debug] [2023-08-27T06:02:53.137Z] <<< [apiv2][status] POST https://github.com/login/oauth/access_token 200
[debug] [2023-08-27T06:02:53.137Z] <<< [apiv2][body] POST https://github.com/login/oauth/access_token {"access_token":"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","token_type":"bearer","scope":"read:user,repo"}
[debug] [2023-08-27T06:02:53.154Z] >>> [apiv2][query] GET https://api.github.com/user [none]
[debug] [2023-08-27T06:02:53.571Z] <<< [apiv2][status] GET https://api.github.com/user 200
[debug] [2023-08-27T06:02:53.572Z] <<< [apiv2][body] GET https://api.github.com/user {"login":"ammaryousef1","id":115915400,"node_id":"U_kgDOBui6iA","avatar_url":"https://avatars.githubusercontent.com/u/115915400?v=4","gravatar_id":"","url":"https://api.github.com/users/ammaryousef1","html_url":"https://github.com/ammaryousef1","followers_url":"https://api.github.com/users/ammaryousef1/followers","following_url":"https://api.github.com/users/ammaryousef1/following{/other_user}","gists_url":"https://api.github.com/users/ammaryousef1/gists{/gist_id}","starred_url":"https://api.github.com/users/ammaryousef1/starred{/owner}{/repo}","subscriptions_url":"https://api.github.com/users/ammaryousef1/subscriptions","organizations_url":"https://api.github.com/users/ammaryousef1/orgs","repos_url":"https://api.github.com/users/ammaryousef1/repos","events_url":"https://api.github.com/users/ammaryousef1/events{/privacy}","received_events_url":"https://api.github.com/users/ammaryousef1/received_events","type":"User","site_admin":false,"name":"Yasser Yousef","company":null,"blog":"","location":null,"email":null,"hireable":null,"bio":null,"twitter_username":null,"public_repos":8,"public_gists":0,"followers":0,"following":0,"created_at":"2022-10-16T06:04:07Z","updated_at":"2023-08-09T10:37:54Z","private_gists":0,"total_private_repos":0,"owned_private_repos":0,"disk_usage":207383,"collaborators":0,"two_factor_authentication":false,"plan":{"name":"free","space":976562499,"collaborators":0,"private_repos":10000}}
[info] 
[info] ✔  Success! Logged into GitHub as ammaryousef1 
[info] 
[debug] [2023-08-27T06:04:05.798Z] >>> [apiv2][query] GET https://api.github.com/repos/N/actions/secrets/public-key type=owner
[debug] [2023-08-27T06:04:06.164Z] <<< [apiv2][status] GET https://api.github.com/repos/N/actions/secrets/public-key 404
[debug] [2023-08-27T06:04:06.165Z] <<< [apiv2][body] GET https://api.github.com/repos/N/actions/secrets/public-key {"message":"Not Found","documentation_url":"https://docs.github.com/rest"}
[info] 
[info] 
[error] ⚠  The provided authorization cannot be used with this repository. If this repository is in an organization, did you remember to grant access? 
[info] 
[info] i  Action required: Visit this URL to ensure access has been granted to the appropriate organization(s) for the Firebase CLI GitHub OAuth App: 
[info] https://github.com/settings/connections/applications/89cf50f02ac6aaed3484
[info] 
